date: 2014-01-05 14:50:26.839
argv: node /usr/local/bin/hexo server
os: Darwin 12.5.0 darwin x64
version:
  hexo: 2.4.2
  http_parser: 1.0
  node: 0.10.24
  v8: 3.14.5.9
  ares: 1.9.0-DEV
  uv: 0.10.21
  zlib: 1.2.3
  modules: 11
  openssl: 1.0.1e
---

[debug] 14:50:26.610 Configuration file load successfully
[debug] 14:50:26.613 Version info checked successfully
[debug] 14:50:26.642 Loading database.
[debug] 14:50:26.667 Script load successfully: fancybox.js
[debug] 14:50:26.683 Theme layout loaded
[debug] 14:50:26.691 Theme configuration loaded
[debug] 14:50:26.709 Theme source loaded
[error] 14:50:26.832 { rawMessage: 'Unable to parse.',
  parsedLine: 3,
  snippet: 'tags:github',
  parsedFile: null,
  message: 'Unable to parse.',
  domain: 
   { domain: null,
     _events: { error: [Function] },
     _maxListeners: 10,
     members: [],
     _disposed: true },
  domainThrown: true }
[debug] 14:50:26.838 Processed: _posts/hello-world.md
[debug] 14:50:26.838 Processed: _posts/一些常识.md
[debug] 14:50:26.838 Processed: _posts/写在201411.md